
*** Running vivado
    with args -log top_lab9.vds -m64 -product Vivado -mode batch -messageDb vivado.pb -notrace -source top_lab9.tcl


****** Vivado v2018.3 (64-bit)
  **** SW Build 2405991 on Thu Dec  6 23:38:27 MST 2018
  **** IP Build 2404404 on Fri Dec  7 01:43:56 MST 2018
    ** Copyright 1986-2018 Xilinx, Inc. All Rights Reserved.

source top_lab9.tcl -notrace
Command: synth_design -top top_lab9 -part xc7a200tfbg676-2
Starting synth_design
Attempting to get a license for feature 'Synthesis' and/or device 'xc7a200t'
INFO: [Common 17-349] Got license for feature 'Synthesis' and/or device 'xc7a200t'
INFO: Launching helper process for spawning children vivado processes
INFO: Helper process launched with PID 9596 
WARNING: [Synth 8-2507] parameter declaration becomes local in alu with formal parameter declaration list [C:/Users/Gordoncrew/Desktop/lab09/lab09.srcs/sources_1/new/alu.sv:14]
WARNING: [Synth 8-2507] parameter declaration becomes local in alu with formal parameter declaration list [C:/Users/Gordoncrew/Desktop/lab09/lab09.srcs/sources_1/new/alu.sv:15]
WARNING: [Synth 8-2507] parameter declaration becomes local in alu with formal parameter declaration list [C:/Users/Gordoncrew/Desktop/lab09/lab09.srcs/sources_1/new/alu.sv:16]
WARNING: [Synth 8-2507] parameter declaration becomes local in alu with formal parameter declaration list [C:/Users/Gordoncrew/Desktop/lab09/lab09.srcs/sources_1/new/alu.sv:17]
WARNING: [Synth 8-2507] parameter declaration becomes local in alu with formal parameter declaration list [C:/Users/Gordoncrew/Desktop/lab09/lab09.srcs/sources_1/new/alu.sv:18]
---------------------------------------------------------------------------------
Starting RTL Elaboration : Time (s): cpu = 00:00:05 ; elapsed = 00:00:06 . Memory (MB): peak = 355.500 ; gain = 83.008
---------------------------------------------------------------------------------
INFO: [Synth 8-6157] synthesizing module 'top_lab9' [C:/Users/Gordoncrew/Desktop/lab09/lab09.srcs/sources_1/new/top_lab9.sv:5]
INFO: [Synth 8-6157] synthesizing module 'register' [C:/Users/Gordoncrew/Desktop/lab09/lab09.srcs/sources_1/new/register.sv:6]
	Parameter N bound to: 8 - type: integer 
WARNING: [Synth 8-5788] Register Q_reg in module register is has both Set and reset with same priority. This may cause simulation mismatches. Consider rewriting code  [C:/Users/Gordoncrew/Desktop/lab09/lab09.srcs/sources_1/new/register.sv:15]
INFO: [Synth 8-6155] done synthesizing module 'register' (1#1) [C:/Users/Gordoncrew/Desktop/lab09/lab09.srcs/sources_1/new/register.sv:6]
INFO: [Synth 8-6157] synthesizing module 'alu' [C:/Users/Gordoncrew/Desktop/lab09/lab09.srcs/sources_1/new/alu.sv:5]
	Parameter N bound to: 8 - type: integer 
	Parameter ADD bound to: 0 - type: integer 
	Parameter SUB bound to: 1 - type: integer 
	Parameter AND bound to: 2 - type: integer 
	Parameter OR bound to: 3 - type: integer 
	Parameter XOR bound to: 4 - type: integer 
INFO: [Synth 8-6155] done synthesizing module 'alu' (2#1) [C:/Users/Gordoncrew/Desktop/lab09/lab09.srcs/sources_1/new/alu.sv:5]
INFO: [Synth 8-6155] done synthesizing module 'top_lab9' (3#1) [C:/Users/Gordoncrew/Desktop/lab09/lab09.srcs/sources_1/new/top_lab9.sv:5]
WARNING: [Synth 8-3331] design top_lab9 has unconnected port btnU
---------------------------------------------------------------------------------
Finished RTL Elaboration : Time (s): cpu = 00:00:06 ; elapsed = 00:00:08 . Memory (MB): peak = 388.578 ; gain = 116.086
---------------------------------------------------------------------------------

Report Check Netlist: 
+------+------------------+-------+---------+-------+------------------+
|      |Item              |Errors |Warnings |Status |Description       |
+------+------------------+-------+---------+-------+------------------+
|1     |multi_driven_nets |      0|        0|Passed |Multi driven nets |
+------+------------------+-------+---------+-------+------------------+
---------------------------------------------------------------------------------
Start Handling Custom Attributes
---------------------------------------------------------------------------------
---------------------------------------------------------------------------------
Finished Handling Custom Attributes : Time (s): cpu = 00:00:06 ; elapsed = 00:00:09 . Memory (MB): peak = 388.578 ; gain = 116.086
---------------------------------------------------------------------------------
---------------------------------------------------------------------------------
Finished RTL Optimization Phase 1 : Time (s): cpu = 00:00:06 ; elapsed = 00:00:09 . Memory (MB): peak = 388.578 ; gain = 116.086
---------------------------------------------------------------------------------
INFO: [Device 21-403] Loading part xc7a200tfbg676-2
INFO: [Project 1-570] Preparing netlist for logic optimization

Processing XDC Constraints
Initializing timing engine
Parsing XDC File [C:/Users/Gordoncrew/Desktop/lab09/lab09.srcs/constrs_1/imports/Downloads/btnC.xdc]
Finished Parsing XDC File [C:/Users/Gordoncrew/Desktop/lab09/lab09.srcs/constrs_1/imports/Downloads/btnC.xdc]
INFO: [Project 1-236] Implementation specific constraints were found while reading constraint file [C:/Users/Gordoncrew/Desktop/lab09/lab09.srcs/constrs_1/imports/Downloads/btnC.xdc]. These constraints will be ignored for synthesis but will be used in implementation. Impacted constraints are listed in the file [.Xil/top_lab9_propImpl.xdc].
Resolution: To avoid this warning, move constraints listed in [.Xil/top_lab9_propImpl.xdc] to another XDC file and exclude this new file from synthesis with the used_in_synthesis property (File Properties dialog in GUI) and re-run elaboration/synthesis.
Parsing XDC File [C:/Users/Gordoncrew/Desktop/lab09/lab09.srcs/constrs_1/imports/Downloads/btnD.xdc]
Finished Parsing XDC File [C:/Users/Gordoncrew/Desktop/lab09/lab09.srcs/constrs_1/imports/Downloads/btnD.xdc]
INFO: [Project 1-236] Implementation specific constraints were found while reading constraint file [C:/Users/Gordoncrew/Desktop/lab09/lab09.srcs/constrs_1/imports/Downloads/btnD.xdc]. These constraints will be ignored for synthesis but will be used in implementation. Impacted constraints are listed in the file [.Xil/top_lab9_propImpl.xdc].
Resolution: To avoid this warning, move constraints listed in [.Xil/top_lab9_propImpl.xdc] to another XDC file and exclude this new file from synthesis with the used_in_synthesis property (File Properties dialog in GUI) and re-run elaboration/synthesis.
Parsing XDC File [C:/Users/Gordoncrew/Desktop/lab09/lab09.srcs/constrs_1/imports/Downloads/btnU.xdc]
Finished Parsing XDC File [C:/Users/Gordoncrew/Desktop/lab09/lab09.srcs/constrs_1/imports/Downloads/btnU.xdc]
INFO: [Project 1-236] Implementation specific constraints were found while reading constraint file [C:/Users/Gordoncrew/Desktop/lab09/lab09.srcs/constrs_1/imports/Downloads/btnU.xdc]. These constraints will be ignored for synthesis but will be used in implementation. Impacted constraints are listed in the file [.Xil/top_lab9_propImpl.xdc].
Resolution: To avoid this warning, move constraints listed in [.Xil/top_lab9_propImpl.xdc] to another XDC file and exclude this new file from synthesis with the used_in_synthesis property (File Properties dialog in GUI) and re-run elaboration/synthesis.
Parsing XDC File [C:/Users/Gordoncrew/Desktop/lab09/lab09.srcs/constrs_1/imports/Downloads/clock.xdc]
Finished Parsing XDC File [C:/Users/Gordoncrew/Desktop/lab09/lab09.srcs/constrs_1/imports/Downloads/clock.xdc]
INFO: [Project 1-236] Implementation specific constraints were found while reading constraint file [C:/Users/Gordoncrew/Desktop/lab09/lab09.srcs/constrs_1/imports/Downloads/clock.xdc]. These constraints will be ignored for synthesis but will be used in implementation. Impacted constraints are listed in the file [.Xil/top_lab9_propImpl.xdc].
Resolution: To avoid this warning, move constraints listed in [.Xil/top_lab9_propImpl.xdc] to another XDC file and exclude this new file from synthesis with the used_in_synthesis property (File Properties dialog in GUI) and re-run elaboration/synthesis.
Parsing XDC File [C:/Users/Gordoncrew/Desktop/lab09/lab09.srcs/constrs_1/imports/Downloads/led.xdc]
Finished Parsing XDC File [C:/Users/Gordoncrew/Desktop/lab09/lab09.srcs/constrs_1/imports/Downloads/led.xdc]
INFO: [Project 1-236] Implementation specific constraints were found while reading constraint file [C:/Users/Gordoncrew/Desktop/lab09/lab09.srcs/constrs_1/imports/Downloads/led.xdc]. These constraints will be ignored for synthesis but will be used in implementation. Impacted constraints are listed in the file [.Xil/top_lab9_propImpl.xdc].
Resolution: To avoid this warning, move constraints listed in [.Xil/top_lab9_propImpl.xdc] to another XDC file and exclude this new file from synthesis with the used_in_synthesis property (File Properties dialog in GUI) and re-run elaboration/synthesis.
Parsing XDC File [C:/Users/Gordoncrew/Desktop/lab09/lab09.srcs/constrs_1/imports/Downloads/switches.xdc]
WARNING: [Vivado 12-584] No ports matched 'sw[12]'. [C:/Users/Gordoncrew/Desktop/lab09/lab09.srcs/constrs_1/imports/Downloads/switches.xdc:26]
CRITICAL WARNING: [Common 17-55] 'set_property' expects at least one object. [C:/Users/Gordoncrew/Desktop/lab09/lab09.srcs/constrs_1/imports/Downloads/switches.xdc:26]
Resolution: If [get_<value>] was used to populate the object, check to make sure this command returns at least one valid object.
WARNING: [Vivado 12-584] No ports matched 'sw[12]'. [C:/Users/Gordoncrew/Desktop/lab09/lab09.srcs/constrs_1/imports/Downloads/switches.xdc:27]
CRITICAL WARNING: [Common 17-55] 'set_property' expects at least one object. [C:/Users/Gordoncrew/Desktop/lab09/lab09.srcs/constrs_1/imports/Downloads/switches.xdc:27]
Resolution: If [get_<value>] was used to populate the object, check to make sure this command returns at least one valid object.
WARNING: [Vivado 12-584] No ports matched 'sw[13]'. [C:/Users/Gordoncrew/Desktop/lab09/lab09.srcs/constrs_1/imports/Downloads/switches.xdc:28]
CRITICAL WARNING: [Common 17-55] 'set_property' expects at least one object. [C:/Users/Gordoncrew/Desktop/lab09/lab09.srcs/constrs_1/imports/Downloads/switches.xdc:28]
Resolution: If [get_<value>] was used to populate the object, check to make sure this command returns at least one valid object.
WARNING: [Vivado 12-584] No ports matched 'sw[13]'. [C:/Users/Gordoncrew/Desktop/lab09/lab09.srcs/constrs_1/imports/Downloads/switches.xdc:29]
CRITICAL WARNING: [Common 17-55] 'set_property' expects at least one object. [C:/Users/Gordoncrew/Desktop/lab09/lab09.srcs/constrs_1/imports/Downloads/switches.xdc:29]
Resolution: If [get_<value>] was used to populate the object, check to make sure this command returns at least one valid object.
WARNING: [Vivado 12-584] No ports matched 'sw[14]'. [C:/Users/Gordoncrew/Desktop/lab09/lab09.srcs/constrs_1/imports/Downloads/switches.xdc:30]
CRITICAL WARNING: [Common 17-55] 'set_property' expects at least one object. [C:/Users/Gordoncrew/Desktop/lab09/lab09.srcs/constrs_1/imports/Downloads/switches.xdc:30]
Resolution: If [get_<value>] was used to populate the object, check to make sure this command returns at least one valid object.
WARNING: [Vivado 12-584] No ports matched 'sw[14]'. [C:/Users/Gordoncrew/Desktop/lab09/lab09.srcs/constrs_1/imports/Downloads/switches.xdc:31]
CRITICAL WARNING: [Common 17-55] 'set_property' expects at least one object. [C:/Users/Gordoncrew/Desktop/lab09/lab09.srcs/constrs_1/imports/Downloads/switches.xdc:31]
Resolution: If [get_<value>] was used to populate the object, check to make sure this command returns at least one valid object.
WARNING: [Vivado 12-584] No ports matched 'sw[15]'. [C:/Users/Gordoncrew/Desktop/lab09/lab09.srcs/constrs_1/imports/Downloads/switches.xdc:32]
CRITICAL WARNING: [Common 17-55] 'set_property' expects at least one object. [C:/Users/Gordoncrew/Desktop/lab09/lab09.srcs/constrs_1/imports/Downloads/switches.xdc:32]
Resolution: If [get_<value>] was used to populate the object, check to make sure this command returns at least one valid object.
WARNING: [Vivado 12-584] No ports matched 'sw[15]'. [C:/Users/Gordoncrew/Desktop/lab09/lab09.srcs/constrs_1/imports/Downloads/switches.xdc:33]
CRITICAL WARNING: [Common 17-55] 'set_property' expects at least one object. [C:/Users/Gordoncrew/Desktop/lab09/lab09.srcs/constrs_1/imports/Downloads/switches.xdc:33]
Resolution: If [get_<value>] was used to populate the object, check to make sure this command returns at least one valid object.
Finished Parsing XDC File [C:/Users/Gordoncrew/Desktop/lab09/lab09.srcs/constrs_1/imports/Downloads/switches.xdc]
INFO: [Project 1-236] Implementation specific constraints were found while reading constraint file [C:/Users/Gordoncrew/Desktop/lab09/lab09.srcs/constrs_1/imports/Downloads/switches.xdc]. These constraints will be ignored for synthesis but will be used in implementation. Impacted constraints are listed in the file [.Xil/top_lab9_propImpl.xdc].
Resolution: To avoid this warning, move constraints listed in [.Xil/top_lab9_propImpl.xdc] to another XDC file and exclude this new file from synthesis with the used_in_synthesis property (File Properties dialog in GUI) and re-run elaboration/synthesis.
Netlist sorting complete. Time (s): cpu = 00:00:00 ; elapsed = 00:00:00 . Memory (MB): peak = 756.742 ; gain = 0.000
Completed Processing XDC Constraints

Netlist sorting complete. Time (s): cpu = 00:00:00 ; elapsed = 00:00:00 . Memory (MB): peak = 756.742 ; gain = 0.000
INFO: [Project 1-111] Unisim Transformation Summary:
No Unisim elements were transformed.

Netlist sorting complete. Time (s): cpu = 00:00:00 ; elapsed = 00:00:00 . Memory (MB): peak = 756.742 ; gain = 0.000
Constraint Validation Runtime : Time (s): cpu = 00:00:00 ; elapsed = 00:00:00.015 . Memory (MB): peak = 756.742 ; gain = 0.000
---------------------------------------------------------------------------------
Finished Constraint Validation : Time (s): cpu = 00:00:25 ; elapsed = 00:00:30 . Memory (MB): peak = 756.742 ; gain = 484.250
---------------------------------------------------------------------------------
---------------------------------------------------------------------------------
Start Loading Part and Timing Information
---------------------------------------------------------------------------------
Loading part: xc7a200tfbg676-2
---------------------------------------------------------------------------------
Finished Loading Part and Timing Information : Time (s): cpu = 00:00:25 ; elapsed = 00:00:30 . Memory (MB): peak = 756.742 ; gain = 484.250
---------------------------------------------------------------------------------
---------------------------------------------------------------------------------
Start Applying 'set_property' XDC Constraints
---------------------------------------------------------------------------------
---------------------------------------------------------------------------------
Finished applying 'set_property' XDC Constraints : Time (s): cpu = 00:00:25 ; elapsed = 00:00:31 . Memory (MB): peak = 756.742 ; gain = 484.250
---------------------------------------------------------------------------------
INFO: [Synth 8-5818] HDL ADVISOR - The operator resource <adder> is shared. To prevent sharing consider applying a KEEP on the output of the operator [C:/Users/Gordoncrew/Desktop/lab09/lab09.srcs/sources_1/new/alu.sv:22]
---------------------------------------------------------------------------------
Finished RTL Optimization Phase 2 : Time (s): cpu = 00:00:25 ; elapsed = 00:00:31 . Memory (MB): peak = 756.742 ; gain = 484.250
---------------------------------------------------------------------------------

Report RTL Partitions: 
+-+--------------+------------+----------+
| |RTL Partition |Replication |Instances |
+-+--------------+------------+----------+
+-+--------------+------------+----------+
---------------------------------------------------------------------------------
Start RTL Component Statistics 
---------------------------------------------------------------------------------
Detailed RTL Component Info : 
+---Adders : 
	   3 Input      8 Bit       Adders := 1     
+---XORs : 
	   2 Input      8 Bit         XORs := 1     
+---Registers : 
	                8 Bit    Registers := 2     
+---Muxes : 
	   2 Input      8 Bit        Muxes := 6     
	   6 Input      8 Bit        Muxes := 1     
---------------------------------------------------------------------------------
Finished RTL Component Statistics 
---------------------------------------------------------------------------------
---------------------------------------------------------------------------------
Start RTL Hierarchical Component Statistics 
---------------------------------------------------------------------------------
Hierarchical RTL Component report 
Module register 
Detailed RTL Component Info : 
+---Registers : 
	                8 Bit    Registers := 1     
+---Muxes : 
	   2 Input      8 Bit        Muxes := 2     
Module alu 
Detailed RTL Component Info : 
+---Adders : 
	   3 Input      8 Bit       Adders := 1     
+---XORs : 
	   2 Input      8 Bit         XORs := 1     
+---Muxes : 
	   2 Input      8 Bit        Muxes := 2     
	   6 Input      8 Bit        Muxes := 1     
---------------------------------------------------------------------------------
Finished RTL Hierarchical Component Statistics
---------------------------------------------------------------------------------
---------------------------------------------------------------------------------
Start Part Resource Summary
---------------------------------------------------------------------------------
Part Resources:
DSPs: 740 (col length:100)
BRAMs: 730 (col length: RAMB18 100 RAMB36 50)
---------------------------------------------------------------------------------
Finished Part Resource Summary
---------------------------------------------------------------------------------
---------------------------------------------------------------------------------
Start Cross Boundary and Area Optimization
---------------------------------------------------------------------------------
Warning: Parallel synthesis criteria is not met 
WARNING: [Synth 8-3331] design top_lab9 has unconnected port btnU
---------------------------------------------------------------------------------
Finished Cross Boundary and Area Optimization : Time (s): cpu = 00:00:27 ; elapsed = 00:00:33 . Memory (MB): peak = 756.742 ; gain = 484.250
---------------------------------------------------------------------------------

Report RTL Partitions: 
+-+--------------+------------+----------+
| |RTL Partition |Replication |Instances |
+-+--------------+------------+----------+
+-+--------------+------------+----------+
---------------------------------------------------------------------------------
Start Applying XDC Timing Constraints
---------------------------------------------------------------------------------
---------------------------------------------------------------------------------
Finished Applying XDC Timing Constraints : Time (s): cpu = 00:00:42 ; elapsed = 00:00:49 . Memory (MB): peak = 771.953 ; gain = 499.461
---------------------------------------------------------------------------------
---------------------------------------------------------------------------------
Start Timing Optimization
---------------------------------------------------------------------------------
---------------------------------------------------------------------------------
Finished Timing Optimization : Time (s): cpu = 00:00:43 ; elapsed = 00:00:50 . Memory (MB): peak = 794.328 ; gain = 521.836
---------------------------------------------------------------------------------

Report RTL Partitions: 
+-+--------------+------------+----------+
| |RTL Partition |Replication |Instances |
+-+--------------+------------+----------+
+-+--------------+------------+----------+
---------------------------------------------------------------------------------
Start Technology Mapping
---------------------------------------------------------------------------------
---------------------------------------------------------------------------------
Finished Technology Mapping : Time (s): cpu = 00:00:43 ; elapsed = 00:00:50 . Memory (MB): peak = 794.328 ; gain = 521.836
---------------------------------------------------------------------------------

Report RTL Partitions: 
+-+--------------+------------+----------+
| |RTL Partition |Replication |Instances |
+-+--------------+------------+----------+
+-+--------------+------------+----------+
---------------------------------------------------------------------------------
Start IO Insertion
---------------------------------------------------------------------------------
---------------------------------------------------------------------------------
Start Flattening Before IO Insertion
---------------------------------------------------------------------------------
---------------------------------------------------------------------------------
Finished Flattening Before IO Insertion
---------------------------------------------------------------------------------
---------------------------------------------------------------------------------
Start Final Netlist Cleanup
---------------------------------------------------------------------------------
---------------------------------------------------------------------------------
Finished Final Netlist Cleanup
---------------------------------------------------------------------------------
---------------------------------------------------------------------------------
Finished IO Insertion : Time (s): cpu = 00:00:46 ; elapsed = 00:00:53 . Memory (MB): peak = 794.328 ; gain = 521.836
---------------------------------------------------------------------------------

Report Check Netlist: 
+------+------------------+-------+---------+-------+------------------+
|      |Item              |Errors |Warnings |Status |Description       |
+------+------------------+-------+---------+-------+------------------+
|1     |multi_driven_nets |      0|        0|Passed |Multi driven nets |
+------+------------------+-------+---------+-------+------------------+
---------------------------------------------------------------------------------
Start Renaming Generated Instances
---------------------------------------------------------------------------------
---------------------------------------------------------------------------------
Finished Renaming Generated Instances : Time (s): cpu = 00:00:46 ; elapsed = 00:00:53 . Memory (MB): peak = 794.328 ; gain = 521.836
---------------------------------------------------------------------------------

Report RTL Partitions: 
+-+--------------+------------+----------+
| |RTL Partition |Replication |Instances |
+-+--------------+------------+----------+
+-+--------------+------------+----------+
---------------------------------------------------------------------------------
Start Rebuilding User Hierarchy
---------------------------------------------------------------------------------
---------------------------------------------------------------------------------
Finished Rebuilding User Hierarchy : Time (s): cpu = 00:00:46 ; elapsed = 00:00:53 . Memory (MB): peak = 794.328 ; gain = 521.836
---------------------------------------------------------------------------------
---------------------------------------------------------------------------------
Start Renaming Generated Ports
---------------------------------------------------------------------------------
---------------------------------------------------------------------------------
Finished Renaming Generated Ports : Time (s): cpu = 00:00:46 ; elapsed = 00:00:53 . Memory (MB): peak = 794.328 ; gain = 521.836
---------------------------------------------------------------------------------
---------------------------------------------------------------------------------
Start Handling Custom Attributes
---------------------------------------------------------------------------------
---------------------------------------------------------------------------------
Finished Handling Custom Attributes : Time (s): cpu = 00:00:46 ; elapsed = 00:00:53 . Memory (MB): peak = 794.328 ; gain = 521.836
---------------------------------------------------------------------------------
---------------------------------------------------------------------------------
Start Renaming Generated Nets
---------------------------------------------------------------------------------
---------------------------------------------------------------------------------
Finished Renaming Generated Nets : Time (s): cpu = 00:00:46 ; elapsed = 00:00:53 . Memory (MB): peak = 794.328 ; gain = 521.836
---------------------------------------------------------------------------------
---------------------------------------------------------------------------------
Start Writing Synthesis Report
---------------------------------------------------------------------------------

Report BlackBoxes: 
+-+--------------+----------+
| |BlackBox name |Instances |
+-+--------------+----------+
+-+--------------+----------+

Report Cell Usage: 
+------+-------+------+
|      |Cell   |Count |
+------+-------+------+
|1     |BUFG   |     1|
|2     |CARRY4 |     8|
|3     |LUT2   |    20|
|4     |LUT3   |    17|
|5     |LUT4   |    12|
|6     |LUT5   |    24|
|7     |LUT6   |    54|
|8     |MUXF7  |     8|
|9     |FDCE   |    16|
|10    |FDPE   |    16|
|11    |LDC    |    16|
|12    |IBUF   |    15|
|13    |OBUF   |    16|
+------+-------+------+

Report Instance Areas: 
+------+-----------------+-----------+------+
|      |Instance         |Module     |Cells |
+------+-----------------+-----------+------+
|1     |top              |           |   223|
|2     |  nolabel_line27 |alu        |    52|
|3     |  r1             |register   |   107|
|4     |  r2             |register_0 |    32|
+------+-----------------+-----------+------+
---------------------------------------------------------------------------------
Finished Writing Synthesis Report : Time (s): cpu = 00:00:46 ; elapsed = 00:00:53 . Memory (MB): peak = 794.328 ; gain = 521.836
---------------------------------------------------------------------------------
Synthesis finished with 0 errors, 0 critical warnings and 1 warnings.
Synthesis Optimization Runtime : Time (s): cpu = 00:00:26 ; elapsed = 00:00:37 . Memory (MB): peak = 794.328 ; gain = 153.672
Synthesis Optimization Complete : Time (s): cpu = 00:00:46 ; elapsed = 00:00:54 . Memory (MB): peak = 794.328 ; gain = 521.836
INFO: [Project 1-571] Translating synthesized netlist
INFO: [Netlist 29-17] Analyzing 32 Unisim elements for replacement
INFO: [Netlist 29-28] Unisim Transformation completed in 0 CPU seconds
INFO: [Project 1-570] Preparing netlist for logic optimization
INFO: [Opt 31-138] Pushed 0 inverter(s) to 0 load pin(s).
Netlist sorting complete. Time (s): cpu = 00:00:00 ; elapsed = 00:00:00 . Memory (MB): peak = 798.625 ; gain = 0.000
INFO: [Project 1-111] Unisim Transformation Summary:
  A total of 16 instances were transformed.
  LDC => LDCE: 16 instances

INFO: [Common 17-83] Releasing license: Synthesis
24 Infos, 16 Warnings, 8 Critical Warnings and 0 Errors encountered.
synth_design completed successfully
synth_design: Time (s): cpu = 00:00:50 ; elapsed = 00:00:58 . Memory (MB): peak = 798.625 ; gain = 526.133
Netlist sorting complete. Time (s): cpu = 00:00:00 ; elapsed = 00:00:00 . Memory (MB): peak = 798.625 ; gain = 0.000
WARNING: [Constraints 18-5210] No constraints selected for write.
Resolution: This message can indicate that there are no constraints for the design, or it can indicate that the used_in flags are set such that the constraints are ignored. This later case is used when running synth_design to not write synthesis constraints to the resulting checkpoint. Instead, project constraints are read when the synthesized design is opened.
INFO: [Common 17-1381] The checkpoint 'C:/Users/Gordoncrew/Desktop/lab09/lab09.runs/synth_1/top_lab9.dcp' has been generated.
INFO: [runtcl-4] Executing : report_utilization -file top_lab9_utilization_synth.rpt -pb top_lab9_utilization_synth.pb
INFO: [Common 17-206] Exiting Vivado at Thu Apr  2 15:27:43 2020...
